<?xml version="1.0" encoding="UTF-8"?>
<!-- Generated by org.testng.reporters.JUnitXMLReporter -->
<testsuite ignored="0" hostname="VIDHYARAJENDRAN" failures="1" tests="2" name="SubmitOrderTest" time="0.051" errors="0" timestamp="2024-05-16T17:18:22 IST">
  <testcase classname="com.test.SubmitOrder" name="PurchaseOrder" time="0.0">
    <failure type="java.lang.RuntimeException" message="java.io.FileNotFoundException: File &amp;apos;C:\Eclipse\E2E_RahulShettyClientsrc\test\java\com\data\SubmitOrder.json&amp;apos; does not exist">
      <![CDATA[java.lang.RuntimeException: java.io.FileNotFoundException: File 'C:\Eclipse\E2E_RahulShettyClientsrc\test\java\com\data\SubmitOrder.json' does not exist
at java.base/java.util.ArrayList.forEach(ArrayList.java:1511)
Caused by: java.io.FileNotFoundException: File 'C:\Eclipse\E2E_RahulShettyClientsrc\test\java\com\data\SubmitOrder.json' does not exist
at org.apache.commons.io.FileUtils.openInputStream(FileUtils.java:136)
at org.apache.commons.io.FileUtils.readFileToString(FileUtils.java:961)
at org.apache.commons.io.FileUtils.readFileToString(FileUtils.java:979)
at TestCompoents.BaseTest.getJsonDataToMap(BaseTest.java:42)
at com.test.SubmitOrder.getData(SubmitOrder.java:62)
... 25 more
... Removed 32 stack frames]]>
    </failure>
  </testcase> <!-- PurchaseOrder -->
  <testcase classname="com.test.SubmitOrder" name="OrderHistoryTest" time="0.0">
    <skipped/>
  </testcase> <!-- OrderHistoryTest -->
</testsuite> <!-- SubmitOrderTest -->
