<?xml version="1.0" encoding="UTF-8"?>
<!-- Generated by org.testng.reporters.JUnitXMLReporter -->
<testsuite ignored="1" hostname="VIDHYARAJENDRAN" failures="0" tests="2" name="Test" time="21.392" errors="0" timestamp="2024-05-15T17:06:43 IST">
  <testcase classname="com.test.ErrorValidation" name="LoginErrorvalidation" time="0.886"/>
  <testcase classname="com.test.SubmitOrder" name="PurchaseOrder" time="11.447"/>
  <testcase classname="com.test.ErrorValidation" name="ProductErrorValidation" time="0.0">
    <ignored/>
  </testcase> <!-- ProductErrorValidation -->
</testsuite> <!-- Test -->
